<?xml version="1.0" encoding="UTF-8" ?>
<testsuite tests="5" failures="0" name="com.toll.refactored.TollCalculatorTest" time="0.076" errors="0" skipped="0">
  <properties>
[...]
</properties>
  <testcase classname="com.toll.refactored.TollCalculatorTest" name="testToCheckArgumentDatesOnSameDaySuccess" time="0.008"/>
  <testcase classname="com.toll.refactored.TollCalculatorTest" name="testToCheckArgumentDatesOnSameDayFailure" time="0.006"/>
  <testcase classname="com.toll.refactored.TollCalculatorTest" name="testToCheckSimpleIntervalsOfVehicles" time="0.057"/>
  <testcase classname="com.toll.refactored.TollCalculatorTest" name="testMultipleTrips" time="0.005"/>
  <testcase classname="com.toll.refactored.TollCalculatorTest" name="testToCheckArgumentOneDateSuccess" time="0"/>
</testsuite>